<?xml version="1.0" encoding="UTF-8"?>
<!-- Generated by org.testng.reporters.JUnitReportReporter -->
<testsuite hostname="DESKTOP-TJACIBS" failures="0" tests="2" name="httprequests.TestOAuth2" time="4.262" errors="0" timestamp="2024-05-09T13:31:24 EDT" skipped="0">
  <testcase classname="httprequests.TestOAuth2" name="test0Auth" time="3.912"/>
  <system-out/>
  <testcase classname="httprequests.TestOAuth2" name="test0AuthwithToken" time="0.350"/>
  <system-out/>
</testsuite> <!-- httprequests.TestOAuth2 -->
