<?xml version="1.0" encoding="UTF-8"?>
<!-- Generated by org.testng.reporters.JUnitReportReporter -->
<testsuite hostname="DESKTOP-TJACIBS" failures="0" tests="1" name="httprequests.HeaderValidation" time="2.702" errors="0" timestamp="2024-04-29T17:31:38 EDT" skipped="0">
  <testcase classname="httprequests.HeaderValidation" name="headerTest" time="2.702"/>
  <system-out/>
</testsuite> <!-- httprequests.HeaderValidation -->
