<?xml version="1.0" encoding="UTF-8"?>
<!-- Generated by org.testng.reporters.JUnitReportReporter -->
<testsuite hostname="DESKTOP-TJACIBS" failures="0" tests="1" name="httprequests.ResponseBodyValidation" time="4.454" errors="0" timestamp="2024-05-09T01:12:20 EDT" skipped="0">
  <testcase classname="httprequests.ResponseBodyValidation" name="ResponseBodytest1" time="4.454"/>
  <system-out/>
</testsuite> <!-- httprequests.ResponseBodyValidation -->
