<?xml version="1.0" encoding="UTF-8"?>
<!-- Generated by org.testng.reporters.JUnitReportReporter -->
<testsuite hostname="DESKTOP-TJACIBS" failures="0" tests="1" name="httprequests.Getmethod" time="3.154" errors="0" timestamp="2024-04-29T16:48:22 EDT" skipped="0">
  <testcase classname="httprequests.Getmethod" name="getlistUsers" time="3.154"/>
  <system-out/>
</testsuite> <!-- httprequests.Getmethod -->
