<?xml version="1.0" encoding="UTF-8"?>
<!-- Generated by org.testng.reporters.JUnitReportReporter -->
<testsuite hostname="DESKTOP-TJACIBS" failures="0" tests="1" name="httprequests.Authentication" time="3.865" errors="0" timestamp="2024-05-08T23:14:39 EDT" skipped="0">
  <testcase classname="httprequests.Authentication" name="gmailBearerToken2" time="3.865"/>
  <system-out/>
</testsuite> <!-- httprequests.Authentication -->
